<?xml version="1.0" encoding="UTF-8"?>
<!-- Generated by org.testng.reporters.JUnitReportReporter -->
<testsuite hostname="LAPTOP-ILLNRTUL" failures="0" tests="3" name="TestCases.ParallelExecution" time="14.419" errors="0" timestamp="2022-06-24T16:24:15 IST" skipped="0">
  <testcase classname="TestCases.ParallelExecution" name="fb" time="3.067"/>
  <system-out/>
  <testcase classname="TestCases.ParallelExecution" name="flipkart" time="6.356"/>
  <system-out/>
  <testcase classname="TestCases.ParallelExecution" name="amaron" time="4.996"/>
  <system-out/>
</testsuite> <!-- TestCases.ParallelExecution -->
