<?xml version="1.0" encoding="UTF-8"?>
<!-- Generated by org.testng.reporters.JUnitReportReporter -->
<testsuite hostname="LAPTOP-ILLNRTUL" failures="0" tests="4" name="TestCases.DashboardTest" time="16.901" errors="0" timestamp="2022-06-24T11:59:31 IST" skipped="3">
  <testcase classname="TestCases.DashboardTest" name="deleteGttTest" time="16.901"/>
  <system-out/>
  <testcase classname="TestCases.DashboardTest" name="creatGttTest">
    <skipped/>
  </testcase> <!-- creatGttTest -->
  <system-out/>
  <testcase classname="TestCases.DashboardTest" name="emailIDTest">
    <skipped/>
  </testcase> <!-- emailIDTest -->
  <system-out/>
  <testcase classname="TestCases.DashboardTest" name="usernameTest">
    <skipped/>
  </testcase> <!-- usernameTest -->
  <system-out/>
</testsuite> <!-- TestCases.DashboardTest -->
