<?xml version="1.0" encoding="UTF-8"?>
<!-- Generated by org.testng.reporters.JUnitReportReporter -->
<testsuite hostname="LAPTOP-ILLNRTUL" failures="0" tests="4" name="TestCases.LoginPageTest" time="5.225" errors="0" timestamp="2022-06-16T16:18:38 IST" skipped="3">
  <testcase classname="TestCases.LoginPageTest" name="verifyLoginToAppTest" time="5.225"/>
  <system-out/>
  <testcase classname="TestCases.LoginPageTest" name="verifyKiteLogoTest">
    <skipped/>
  </testcase> <!-- verifyKiteLogoTest -->
  <system-out/>
  <testcase classname="TestCases.LoginPageTest" name="verifyZerodhaLogoTest">
    <skipped/>
  </testcase> <!-- verifyZerodhaLogoTest -->
  <system-out/>
  <testcase classname="TestCases.LoginPageTest" name="verifyTitleTest">
    <skipped/>
  </testcase> <!-- verifyTitleTest -->
  <system-out/>
</testsuite> <!-- TestCases.LoginPageTest -->
