<?xml version="1.0" encoding="UTF-8"?>
<!-- Generated by org.testng.reporters.JUnitReportReporter -->
<testsuite hostname="LAPTOP-ILLNRTUL" failures="0" tests="4" name="TestCases.GroupTest" time="13.613" errors="0" timestamp="2022-06-16T16:18:38 IST" skipped="0">
  <testcase classname="TestCases.GroupTest" name="verifyTitleTest" time="2.834"/>
  <system-out/>
  <testcase classname="TestCases.GroupTest" name="verifyKiteLogoTest" time="2.838"/>
  <system-out/>
  <testcase classname="TestCases.GroupTest" name="verifyLoginToAppTest" time="5.380"/>
  <system-out/>
  <testcase classname="TestCases.GroupTest" name="verifyZerodhaLogoTest" time="2.561"/>
  <system-out/>
</testsuite> <!-- TestCases.GroupTest -->
