<?xml version="1.0" encoding="UTF-8"?>
<!-- Generated by org.testng.reporters.JUnitReportReporter -->
<testsuite hostname="LAPTOP-ILLNRTUL" failures="0" tests="4" name="TestCases.DependsOnLoginPageTest" time="8.049" errors="0" timestamp="2022-06-16T16:18:38 IST" skipped="1">
  <testcase classname="TestCases.DependsOnLoginPageTest" name="verifyKiteLogoTest" time="2.583"/>
  <system-out/>
  <testcase classname="TestCases.DependsOnLoginPageTest" name="verifyZerodhaLogoTest" time="2.629"/>
  <system-out/>
  <testcase classname="TestCases.DependsOnLoginPageTest" name="verifyTitleTest" time="2.837"/>
  <system-out/>
  <testcase classname="TestCases.DependsOnLoginPageTest" name="verifyLoginToAppTest">
    <skipped/>
  </testcase> <!-- verifyLoginToAppTest -->
  <system-out/>
</testsuite> <!-- TestCases.DependsOnLoginPageTest -->
